<?xml version="1.0" encoding="UTF-8"?>
<testng-results ignored="0" total="2" passed="2" failed="0" skipped="0">
  <reporter-output>
  </reporter-output>
  <suite started-at="2023-10-09T12:28:28 IST" name="Default suite" finished-at="2023-10-09T12:28:31 IST" duration-ms="3633">
    <groups>
    </groups>
    <test started-at="2023-10-09T12:28:28 IST" name="Default test" finished-at="2023-10-09T12:28:31 IST" duration-ms="3633">
      <class name="com.testng.Restassured.App">
        <test-method signature="Addbook(java.lang.String,java.lang.String)[pri:0, instance:com.testng.Restassured.App@7c24b813]" started-at="2023-10-09T12:28:28 IST" name="Addbook" data-provider="booksdata" finished-at="2023-10-09T12:28:31 IST" duration-ms="3312" status="PASS">
          <params>
            <param index="0">
              <value>
                <![CDATA[aara]]>
              </value>
            </param>
            <param index="1">
              <value>
                <![CDATA[1211]]>
              </value>
            </param>
          </params>
          <reporter-output>
          </reporter-output>
        </test-method> <!-- Addbook -->
        <test-method signature="Addbook(java.lang.String,java.lang.String)[pri:0, instance:com.testng.Restassured.App@7c24b813]" started-at="2023-10-09T12:28:31 IST" name="Addbook" data-provider="booksdata" finished-at="2023-10-09T12:28:31 IST" duration-ms="245" status="PASS">
          <params>
            <param index="0">
              <value>
                <![CDATA[base]]>
              </value>
            </param>
            <param index="1">
              <value>
                <![CDATA[13745]]>
              </value>
            </param>
          </params>
          <reporter-output>
          </reporter-output>
        </test-method> <!-- Addbook -->
      </class> <!-- com.testng.Restassured.App -->
    </test> <!-- Default test -->
  </suite> <!-- Default suite -->
</testng-results>
